********************************************************************************
DUPLICATOR-LITE PACKAGE-LOG: 9 January, 2019 3:54 am
NOTICE: Do NOT post to public sites or forums 
********************************************************************************
VERSION:	1.3.2
WORDPRESS:	5.0.2
PHP INFO:	5.6.12 | SAPI: apache2handler
SERVER:		Apache/2.4.16 (Win32) OpenSSL/1.0.1p PHP/5.6.12 
PHP TIME LIMIT: (0) no time limit imposed 
PHP MAX MEMORY: 2048M (128M default) 
MEMORY STACK: 31.5MB 

********************************************************************************
DATABASE:
********************************************************************************
BUILD MODE:   MYSQLDUMP
MYSQLTIMEOUT: 5000
MYSQLDUMP:    Is Supported 
SQL CREATED: 20190109_apu_88bd54bbd756813c2642_20190109035354_database.sql 
SQL FILE SIZE: 2.77MB (2901773) 
SQL FILE TIME: 2019-01-09 03:54:59 
SQL RUNTIME: 34.84 sec. 

******************************************************************************** 
ARCHIVE (ZIP): 
******************************************************************************** 
ARCHIVE DIR:  C:/xampp/htdocs/apu 
ARCHIVE FILE: 20190109_apu_88bd54bbd756813c2642_20190109035354_archive.zip 
FILTERS: *OFF* 
DIRS:
	not set 
FILES:
	not set 
EXTS:  not set 
---------------------------------------- 
COMPRESSING 
SIZE:	96.66MB 
STATS:	Dirs 822 | Files 6,663 
SQL ADDED: 20190109_apu_88bd54bbd756813c2642_20190109035354_database.sql 
ZipArchive Object
(
    [status] => 0
    [statusSys] => 0
    [numFiles] => 7485
    [filename] => C:\xampp\htdocs\apu\wp-snapshots\tmp\20190109_apu_88bd54bbd756813c2642_20190109035354_archive.zip
    [comment] => 
)
 
COMPRESSION RESULT: '1' 
COMPRESSED SIZE: 58.35MB 
ARCHIVE RUNTIME: 140.60 sec. 
MEMORY STACK: 33.5MB 
building installer 
add_extra_files1 
add_extra_files2 
add_extra_files3 
add_extra_files4 
Doing archive file check 
add_extra_files5 
add_extra_files6 
add_extra_files8 
Successfully opened zip C:/xampp/htdocs/apu/wp-snapshots/tmp/20190109_apu_88bd54bbd756813c2642_20190109035354_archive.zip 
Adding enhanced installer files to archive using ZipArchive 
Installer files added to archive 
Added to archive 
After ziparchive close when adding installer 

******************************************************************************** 
INTEGRITY CHECKS: 
******************************************************************************** 
SQL File: 2.77MB 
Installer File: 32.95KB 
Archive File: 59.28MB  

********************************************************************************
RECORD ID:[1]
TOTAL PROCESS RUNTIME: 177.90 sec.
PEAK PHP MEMORY USED: 34.5MB
DONE PROCESSING => 20190109_apu 9 January, 2019 3:57 am
 
